0 info it worked if it ends with ok
1 verbose cli [
1 verbose cli   'C:\\Program Files\\nodejs\\node.exe',
1 verbose cli   'C:\\Program Files\\nodejs\\node_modules\\npm\\bin\\npm-cli.js',
1 verbose cli   'run',
1 verbose cli   'deploy'
1 verbose cli ]
2 info using npm@6.14.12
3 info using node@v14.16.1
4 verbose run-script [ 'predeploy', 'deploy', 'postdeploy' ]
5 info lifecycle homebroker@0.0.0~predeploy: homebroker@0.0.0
6 info lifecycle homebroker@0.0.0~deploy: homebroker@0.0.0
7 verbose lifecycle homebroker@0.0.0~deploy: unsafe-perm in lifecycle true
8 verbose lifecycle homebroker@0.0.0~deploy: PATH: C:\Program Files\nodejs\node_modules\npm\node_modules\npm-lifecycle\node-gyp-bin;C:\developer\dio\homebroker\node_modules\.bin;C:\Program Files (x86)\Common Files\Oracle\Java\javapath;C:\Users\galia\AppData\Local\Programs\Python\Python39\Scripts\;C:\Users\galia\AppData\Local\Programs\Python\Python39\;C:\WINDOWS\system32;C:\WINDOWS;C:\WINDOWS\System32\Wbem;C:\WINDOWS\System32\WindowsPowerShell\v1.0\;C:\WINDOWS\System32\OpenSSH\;C:\Users\galia\apache-maven-3.8.1\bin;C:\Program Files\Git\cmd;C:\Program Files\nodejs\;C:\ProgramData\chocolatey\bin;C:\Users\galia\developer\dio\npm-globalnpm\node_modules\@angular\cli\bin;C:\Program Files\Java\jdk1.8.0_291\bin;C:\Program Files\MySQL\MySQL Shell 8.0\bin\;C:\Users\galia\AppData\Local\Microsoft\WindowsApps;C:\Users\galia\AppData\Local\Programs\Microsoft VS Code\bin;C:\Users\galia\apache-maven-3.8.1\bin;C:\Users\galia\AppData\Roaming\npm;C:\Users\galia\developer\dio\npm-globalnpm\node_modules\@angular\cli\bin;C:\Program Files\Java\jdk1.8.0_291\bin;
9 verbose lifecycle homebroker@0.0.0~deploy: CWD: C:\developer\dio\homebroker
10 silly lifecycle homebroker@0.0.0~deploy: Args: [
10 silly lifecycle   '/d /s /c',
10 silly lifecycle   'ng deploy --base-href=https://Cacheque.github.io/bootcamp-dio-frontend/'
10 silly lifecycle ]
11 silly lifecycle homebroker@0.0.0~deploy: Returned: code: 1  signal: null
12 info lifecycle homebroker@0.0.0~deploy: Failed to exec deploy script
13 verbose stack Error: homebroker@0.0.0 deploy: `ng deploy --base-href=https://Cacheque.github.io/bootcamp-dio-frontend/`
13 verbose stack Exit status 1
13 verbose stack     at EventEmitter.<anonymous> (C:\Program Files\nodejs\node_modules\npm\node_modules\npm-lifecycle\index.js:332:16)
13 verbose stack     at EventEmitter.emit (events.js:315:20)
13 verbose stack     at ChildProcess.<anonymous> (C:\Program Files\nodejs\node_modules\npm\node_modules\npm-lifecycle\lib\spawn.js:55:14)
13 verbose stack     at ChildProcess.emit (events.js:315:20)
13 verbose stack     at maybeClose (internal/child_process.js:1048:16)
13 verbose stack     at Process.ChildProcess._handle.onexit (internal/child_process.js:288:5)
14 verbose pkgid homebroker@0.0.0
15 verbose cwd C:\developer\dio\homebroker
16 verbose Windows_NT 10.0.19041
17 verbose argv "C:\\Program Files\\nodejs\\node.exe" "C:\\Program Files\\nodejs\\node_modules\\npm\\bin\\npm-cli.js" "run" "deploy"
18 verbose node v14.16.1
19 verbose npm  v6.14.12
20 error code ELIFECYCLE
21 error errno 1
22 error homebroker@0.0.0 deploy: `ng deploy --base-href=https://Cacheque.github.io/bootcamp-dio-frontend/`
22 error Exit status 1
23 error Failed at the homebroker@0.0.0 deploy script.
23 error This is probably not a problem with npm. There is likely additional logging output above.
24 verbose exit [ 1, true ]
